C51 COMPILER V9.57.0.0   HF_READER                                                         05/31/2023 14:07:32 PAGE 1   


C51 COMPILER V9.57.0.0, COMPILATION OF MODULE HF_READER
OBJECT MODULE PLACED IN hf_reader.OBJ
COMPILER INVOKED BY: D:\Keil5\Keil5_C51\C51\BIN\C51.EXE hf_reader.c OPTIMIZE(8,SPEED) BROWSE DEBUG OBJECTEXTEND TABS(2)

line level    source

   1          //---------------------------------------------------------------------
   2          //   PROG : chengliang
   3          //   DATE : 2011.5
   4          //   COMP : sh-rfid
   5          //   FILE : hf_reader.c
   6          //   DESP : all file list
   7          //---------------------------------------------------------------------
   8          #include "include.h"
   9          
  10          unsigned char getblock_reslut;
  11          
  12          code char Reset_command1[] = {0x05,0xff,0x65,0xe5,0xCB};       // 0D 00 65 00 02 02 00 60 4C 02 C9 A6 49  
  13          code char Reset_command2[] = {0x06,0xff,0x80,0x05,0x29,0x55};  // 14 00 80 00 02 02 00 00 00 00 00 00 00 0
             -0 02 01 00 00 B3 69
  14          code char Reset_command3[] = {0x14,0xFF,0x81,0x05,0x00,0x00,0x00,0x00,0x00,0x00,0x00,0x00,0x00,0x00,0x00,0
             -x00,0x00,0x00,0xEE,0x9F}; 
  15          
  16          code char Non_ad_RDBlock[]  = {0x09,0xFF,0xB0,0x23,0x00,0x1B,0x01,0x36,0x5B};
  17          
  18          code char Get_TagID[] = {0x07,0xFF,0xB0,0x01,0x00,0x1C,0x56};
  19          code char RUID_Stop[] = {0x14,0xFF,0x81,0x05,0x02,0x02,0x00,0x00,0x00,0x00,0x00,0x00,0x00,0x00,0x02,0x01,0
             -x00,0x00,0xCA,0x0A}; 
  20          
  21          
  22          
  23          
  24          
  25          
  26          
  27          


MODULE INFORMATION:   STATIC OVERLAYABLE
   CODE SIZE        =   ----    ----
   CONSTANT SIZE    =     67    ----
   XDATA SIZE       =   ----    ----
   PDATA SIZE       =   ----    ----
   DATA SIZE        =      1    ----
   IDATA SIZE       =   ----    ----
   BIT SIZE         =   ----    ----
END OF MODULE INFORMATION.


C51 COMPILATION COMPLETE.  0 WARNING(S),  0 ERROR(S)
